<?xml version="1.0" encoding="UTF-8"?>
<robot generator="Robot 3.1.2 (Python 3.7.4 on darwin)" generated="20191208 22:34:11.305" rpa="false">
<suite id="s1" name="Tests" source="/Users/daltonteixeira/Documents/scripts/robot/api_test/tests">
<suite id="s1-s1" name="Book" source="/Users/daltonteixeira/Documents/scripts/robot/api_test/tests/book.robot">
<test id="s1-s1-t1" name="Valid Book">
<kw name="When GET" library="REST">
<tags>
<tag>http</tag>
</tags>
<doc>*Sends a GET request to the endpoint.*</doc>
<arguments>
<arg>/Books/1</arg>
</arguments>
<status status="PASS" starttime="20191208 22:34:12.598" endtime="20191208 22:34:14.011"></status>
</kw>
<kw name="Then String" library="REST">
<tags>
<tag>assertions</tag>
</tags>
<doc>*Asserts the field as JSON string.*</doc>
<arguments>
<arg>response body Title</arg>
<arg>Book 1</arg>
</arguments>
<status status="PASS" starttime="20191208 22:34:14.012" endtime="20191208 22:34:14.013"></status>
</kw>
<status status="PASS" starttime="20191208 22:34:12.597" endtime="20191208 22:34:14.013" critical="yes"></status>
</test>
<test id="s1-s1-t2" name="New Book">
<kw name="When POST" library="REST">
<tags>
<tag>http</tag>
</tags>
<doc>*Sends a POST request to the endpoint.*</doc>
<arguments>
<arg>/Books</arg>
<arg>/Users/daltonteixeira/Documents/scripts/robot/api_test/tests/../resources/book.json</arg>
</arguments>
<status status="PASS" starttime="20191208 22:34:14.015" endtime="20191208 22:34:14.915"></status>
</kw>
<kw name="Then String" library="REST">
<tags>
<tag>assertions</tag>
</tags>
<doc>*Asserts the field as JSON string.*</doc>
<arguments>
<arg>response body Title</arg>
<arg>New Book</arg>
</arguments>
<status status="PASS" starttime="20191208 22:34:14.916" endtime="20191208 22:34:14.917"></status>
</kw>
<kw name="And Integer" library="REST">
<tags>
<tag>assertions</tag>
</tags>
<doc>*Asserts the field as JSON integer.*</doc>
<arguments>
<arg>response body ID</arg>
<arg>99</arg>
</arguments>
<status status="PASS" starttime="20191208 22:34:14.917" endtime="20191208 22:34:14.918"></status>
</kw>
<status status="PASS" starttime="20191208 22:34:14.014" endtime="20191208 22:34:14.918" critical="yes"></status>
</test>
<test id="s1-s1-t3" name="Edit Book">
<kw name="When PUT" library="REST">
<tags>
<tag>http</tag>
</tags>
<doc>*Sends a PUT request to the endpoint.*</doc>
<arguments>
<arg>/Books/99</arg>
<arg>/Users/daltonteixeira/Documents/scripts/robot/api_test/tests/../resources/book_edited.json</arg>
</arguments>
<status status="PASS" starttime="20191208 22:34:14.919" endtime="20191208 22:34:15.892"></status>
</kw>
<kw name="Then String" library="REST">
<tags>
<tag>assertions</tag>
</tags>
<doc>*Asserts the field as JSON string.*</doc>
<arguments>
<arg>response body Title</arg>
<arg>Edited Book</arg>
</arguments>
<status status="PASS" starttime="20191208 22:34:15.892" endtime="20191208 22:34:15.893"></status>
</kw>
<kw name="And Integer" library="REST">
<tags>
<tag>assertions</tag>
</tags>
<doc>*Asserts the field as JSON integer.*</doc>
<arguments>
<arg>response body PageCount</arg>
<arg>130</arg>
</arguments>
<status status="PASS" starttime="20191208 22:34:15.894" endtime="20191208 22:34:15.895"></status>
</kw>
<status status="PASS" starttime="20191208 22:34:14.918" endtime="20191208 22:34:15.895" critical="yes"></status>
</test>
<test id="s1-s1-t4" name="Delete">
<kw name="When DELETE" library="REST">
<tags>
<tag>http</tag>
</tags>
<doc>*Sends a DELETE request to the endpoint.*</doc>
<arguments>
<arg>/Books/99</arg>
</arguments>
<status status="PASS" starttime="20191208 22:34:15.897" endtime="20191208 22:34:16.837"></status>
</kw>
<kw name="Then Integer" library="REST">
<tags>
<tag>assertions</tag>
</tags>
<doc>*Asserts the field as JSON integer.*</doc>
<arguments>
<arg>response status</arg>
<arg>200</arg>
<arg>202</arg>
<arg>204</arg>
</arguments>
<status status="PASS" starttime="20191208 22:34:16.838" endtime="20191208 22:34:16.839"></status>
</kw>
<status status="PASS" starttime="20191208 22:34:15.896" endtime="20191208 22:34:16.839" critical="yes"></status>
</test>
<test id="s1-s1-t5" name="Valid users">
<kw name="When GET" library="REST">
<tags>
<tag>http</tag>
</tags>
<doc>*Sends a GET request to the endpoint.*</doc>
<arguments>
<arg>/Books</arg>
</arguments>
<status status="PASS" starttime="20191208 22:34:16.840" endtime="20191208 22:34:17.767"></status>
</kw>
<kw name="Then Integer" library="REST">
<tags>
<tag>assertions</tag>
</tags>
<doc>*Asserts the field as JSON integer.*</doc>
<arguments>
<arg>response status</arg>
<arg>200</arg>
<arg>202</arg>
<arg>204</arg>
</arguments>
<status status="PASS" starttime="20191208 22:34:17.767" endtime="20191208 22:34:17.769"></status>
</kw>
<status status="PASS" starttime="20191208 22:34:16.840" endtime="20191208 22:34:17.769" critical="yes"></status>
</test>
<status status="PASS" starttime="20191208 22:34:11.350" endtime="20191208 22:34:17.771"></status>
</suite>
<status status="PASS" starttime="20191208 22:34:11.309" endtime="20191208 22:34:17.778"></status>
</suite>
<statistics>
<total>
<stat pass="5" fail="0">Critical Tests</stat>
<stat pass="5" fail="0">All Tests</stat>
</total>
<tag>
</tag>
<suite>
<stat pass="5" fail="0" id="s1" name="Tests">Tests</stat>
<stat pass="5" fail="0" id="s1-s1" name="Book">Tests.Book</stat>
</suite>
</statistics>
<errors>
</errors>
</robot>
