<?xml version="1.0" encoding="UTF-8"?>
<robot generator="Robot 3.1.2 (Python 3.7.4 on darwin)" generated="20191208 22:35:47.280" rpa="false">
<suite id="s1" name="Tests" source="/Users/daltonteixeira/Documents/scripts/robot/ui_test/tests">
<suite id="s1-s1" name="Register" source="/Users/daltonteixeira/Documents/scripts/robot/ui_test/tests/register.robot">
<test id="s1-s1-t1" name="Register account">
<kw name="Given Open browser to home page" library="common_keywords">
<kw name="Open Browser" library="SeleniumLibrary">
<doc>Opens a new browser instance to the optional ``url``.</doc>
<arguments>
<arg>${CONFIG.server}</arg>
<arg>${CONFIG.browser}</arg>
</arguments>
<msg timestamp="20191208 22:35:48.012" level="INFO">Opening browser 'Firefox' to base url 'http://automationpractice.com'.</msg>
<msg timestamp="20191208 22:35:48.015" level="INFO">Firefox driver log is always forced to to: /Users/daltonteixeira/Documents/scripts/robot/ui_test/geckodriver-1.log</msg>
<status status="PASS" starttime="20191208 22:35:48.011" endtime="20191208 22:36:01.845"></status>
</kw>
<kw name="Maximize Browser Window" library="SeleniumLibrary">
<doc>Maximizes current browser window.</doc>
<status status="PASS" starttime="20191208 22:36:01.854" endtime="20191208 22:36:02.461"></status>
</kw>
<kw name="Set Selenium Speed" library="SeleniumLibrary">
<doc>Sets the delay that is waited after each Selenium command.</doc>
<arguments>
<arg>${CONFIG.delay}</arg>
</arguments>
<status status="PASS" starttime="20191208 22:36:02.462" endtime="20191208 22:36:02.463"></status>
</kw>
<status status="PASS" starttime="20191208 22:35:48.011" endtime="20191208 22:36:02.463"></status>
</kw>
<kw name="When Click on login" library="HomePage">
<msg timestamp="20191208 22:36:02.465" level="INFO">Clicking link 'class=login'.</msg>
<status status="PASS" starttime="20191208 22:36:02.464" endtime="20191208 22:36:04.269"></status>
</kw>
<kw name="And Create new account" library="LoginPage">
<msg timestamp="20191208 22:36:04.271" level="INFO">Typing text '20190812223604@test.com' into text field 'id=email_create'.</msg>
<msg timestamp="20191208 22:36:04.469" level="INFO">Clicking button 'id=SubmitCreate'.</msg>
<status status="PASS" starttime="20191208 22:36:04.270" endtime="20191208 22:36:06.793"></status>
</kw>
<kw name="And Fill out customer form" library="RegisterPage">
<msg timestamp="20191208 22:36:06.795" level="INFO">Clicking element 'id=id_gender1'.</msg>
<msg timestamp="20191208 22:36:07.027" level="INFO">Typing text 'customer' into text field 'id=customer_firstname'.</msg>
<msg timestamp="20191208 22:36:07.082" level="INFO">Typing text 'test' into text field 'id=customer_lastname'.</msg>
<msg timestamp="20191208 22:36:07.146" level="INFO">Typing text 'Pass1234!' into text field 'id=passwd'.</msg>
<msg timestamp="20191208 22:36:08.245" level="INFO">Typing text '1234 street' into text field 'id=address1'.</msg>
<msg timestamp="20191208 22:36:08.284" level="INFO">Typing text 'DC' into text field 'id=city'.</msg>
<msg timestamp="20191208 22:36:08.616" level="INFO">Typing text '20002' into text field 'id=postcode'.</msg>
<msg timestamp="20191208 22:36:08.720" level="INFO">Typing text '994163559' into text field 'id=phone_mobile'.</msg>
<status status="PASS" starttime="20191208 22:36:06.794" endtime="20191208 22:36:08.831"></status>
</kw>
<kw name="And Click on submit account" library="RegisterPage">
<msg timestamp="20191208 22:36:08.843" level="INFO">Clicking button 'id=submitAccount'.</msg>
<status status="PASS" starttime="20191208 22:36:08.832" endtime="20191208 22:36:10.710"></status>
</kw>
<kw name="Then The current page should be" library="PageObjectLibrary">
<doc>Fails if the name of the current page is not the given page name</doc>
<arguments>
<arg>MyAccountPage</arg>
</arguments>
<status status="PASS" starttime="20191208 22:36:10.710" endtime="20191208 22:36:10.720"></status>
</kw>
<kw name="Close Browser" library="SeleniumLibrary" type="teardown">
<doc>Closes the current browser.</doc>
<status status="PASS" starttime="20191208 22:36:10.722" endtime="20191208 22:36:12.476"></status>
</kw>
<status status="PASS" starttime="20191208 22:35:48.010" endtime="20191208 22:36:12.476" critical="yes"></status>
</test>
<doc>Register account workflows.</doc>
<status status="PASS" starttime="20191208 22:35:47.421" endtime="20191208 22:36:12.478"></status>
</suite>
<suite id="s1-s2" name="Shop" source="/Users/daltonteixeira/Documents/scripts/robot/ui_test/tests/shop.robot">
<test id="s1-s2-t1" name="Shop for any T-Shirt">
<kw name="Given Open browser to home page" library="common_keywords">
<kw name="Open Browser" library="SeleniumLibrary">
<doc>Opens a new browser instance to the optional ``url``.</doc>
<arguments>
<arg>${CONFIG.server}</arg>
<arg>${CONFIG.browser}</arg>
</arguments>
<msg timestamp="20191208 22:36:12.496" level="INFO">Opening browser 'Firefox' to base url 'http://automationpractice.com'.</msg>
<msg timestamp="20191208 22:36:12.497" level="INFO">Firefox driver log is always forced to to: /Users/daltonteixeira/Documents/scripts/robot/ui_test/geckodriver-2.log</msg>
<status status="PASS" starttime="20191208 22:36:12.495" endtime="20191208 22:36:22.709"></status>
</kw>
<kw name="Maximize Browser Window" library="SeleniumLibrary">
<doc>Maximizes current browser window.</doc>
<status status="PASS" starttime="20191208 22:36:22.709" endtime="20191208 22:36:23.352"></status>
</kw>
<kw name="Set Selenium Speed" library="SeleniumLibrary">
<doc>Sets the delay that is waited after each Selenium command.</doc>
<arguments>
<arg>${CONFIG.delay}</arg>
</arguments>
<status status="PASS" starttime="20191208 22:36:23.354" endtime="20191208 22:36:23.355"></status>
</kw>
<status status="PASS" starttime="20191208 22:36:12.495" endtime="20191208 22:36:23.356"></status>
</kw>
<kw name="When click on tshirt" library="HomePage">
<msg timestamp="20191208 22:36:23.358" level="INFO">Clicking link 'xpath=//*[@id='block_top_menu']/ul/li/a[text() = 'T-shirts'][1]'.</msg>
<status status="PASS" starttime="20191208 22:36:23.358" endtime="20191208 22:36:26.346"></status>
</kw>
<kw name="Then The current page should be" library="PageObjectLibrary">
<doc>Fails if the name of the current page is not the given page name</doc>
<arguments>
<arg>TShirtsPage</arg>
</arguments>
<status status="PASS" starttime="20191208 22:36:26.347" endtime="20191208 22:36:26.383"></status>
</kw>
<kw name="When add to cart" library="TShirtsPage">
<msg timestamp="20191208 22:36:26.430" level="INFO">Clicking element 'css=.product_img_link img'.</msg>
<msg timestamp="20191208 22:36:28.485" level="INFO">Clicking button 'name=Submit'.</msg>
<status status="PASS" starttime="20191208 22:36:26.386" endtime="20191208 22:36:28.962"></status>
</kw>
<kw name="Then Page Should Contain" library="SeleniumLibrary">
<doc>Verifies that current page contains ``text``.</doc>
<arguments>
<arg>Product successfully added to your shopping cart</arg>
</arguments>
<msg timestamp="20191208 22:36:29.037" level="INFO">Current page contains text 'Product successfully added to your shopping cart'.</msg>
<status status="PASS" starttime="20191208 22:36:28.962" endtime="20191208 22:36:29.038"></status>
</kw>
<kw name="Close Browser" library="SeleniumLibrary" type="teardown">
<doc>Closes the current browser.</doc>
<status status="PASS" starttime="20191208 22:36:29.038" endtime="20191208 22:36:29.891"></status>
</kw>
<status status="PASS" starttime="20191208 22:36:12.493" endtime="20191208 22:36:29.891" critical="yes"></status>
</test>
<doc>Shop workflows.</doc>
<status status="PASS" starttime="20191208 22:36:12.480" endtime="20191208 22:36:29.893"></status>
</suite>
<status status="PASS" starttime="20191208 22:35:47.284" endtime="20191208 22:36:29.896"></status>
</suite>
<statistics>
<total>
<stat pass="2" fail="0">Critical Tests</stat>
<stat pass="2" fail="0">All Tests</stat>
</total>
<tag>
</tag>
<suite>
<stat pass="2" fail="0" id="s1" name="Tests">Tests</stat>
<stat pass="1" fail="0" id="s1-s1" name="Register">Tests.Register</stat>
<stat pass="1" fail="0" id="s1-s2" name="Shop">Tests.Shop</stat>
</suite>
</statistics>
<errors>
</errors>
</robot>
